[debug] [2020-05-07T01:00:54.152Z] ----------------------------------------------------------------------
[debug] [2020-05-07T01:00:54.156Z] Command:       C:\Program Files\nodejs\node.exe C:\Users\Aleksandra\AppData\Roaming\npm\node_modules\firebase-tools\lib\bin\firebase.js serve
[debug] [2020-05-07T01:00:54.157Z] CLI Version:   8.0.2
[debug] [2020-05-07T01:00:54.157Z] Platform:      win32
[debug] [2020-05-07T01:00:54.157Z] Node Version:  v12.14.0
[debug] [2020-05-07T01:00:54.160Z] Time:          Wed May 06 2020 18:00:54 GMT-0700 (Pacific Daylight Time)
[debug] [2020-05-07T01:00:54.160Z] ----------------------------------------------------------------------
[debug] [2020-05-07T01:00:54.160Z] 
[debug] [2020-05-07T01:00:54.178Z] > command requires scopes: ["email","openid","https://www.googleapis.com/auth/cloudplatformprojects.readonly","https://www.googleapis.com/auth/firebase","https://www.googleapis.com/auth/cloud-platform"]
[debug] [2020-05-07T01:00:54.179Z] > authorizing via signed-in user
[debug] [2020-05-07T01:00:54.180Z] [iam] checking project notetube-f3f9c for permissions ["firebase.projects.get"]
[debug] [2020-05-07T01:00:54.186Z] > refreshing access token with scopes: ["email","https://www.googleapis.com/auth/cloud-platform","https://www.googleapis.com/auth/cloudplatformprojects.readonly","https://www.googleapis.com/auth/firebase","openid"]
[debug] [2020-05-07T01:00:54.186Z] >>> HTTP REQUEST POST https://www.googleapis.com/oauth2/v3/token  
 <request body omitted>
[debug] [2020-05-07T01:00:54.438Z] <<< HTTP RESPONSE 200 {"content-type":"application/json; charset=utf-8","vary":"X-Origin, Referer, Origin,Accept-Encoding","date":"Thu, 07 May 2020 01:00:54 GMT","server":"scaffolding on HTTPServer2","cache-control":"private","x-xss-protection":"0","x-frame-options":"SAMEORIGIN","x-content-type-options":"nosniff","alt-svc":"h3-27=\":443\"; ma=2592000,h3-25=\":443\"; ma=2592000,h3-Q050=\":443\"; ma=2592000,h3-Q049=\":443\"; ma=2592000,h3-Q048=\":443\"; ma=2592000,h3-Q046=\":443\"; ma=2592000,h3-Q043=\":443\"; ma=2592000,quic=\":443\"; ma=2592000; v=\"46,43\"","accept-ranges":"none","transfer-encoding":"chunked"}
[debug] [2020-05-07T01:00:54.451Z] >>> HTTP REQUEST POST https://cloudresourcemanager.googleapis.com/v1/projects/notetube-f3f9c:testIamPermissions  
 {"permissions":["firebase.projects.get"]}
[debug] [2020-05-07T01:00:54.643Z] <<< HTTP RESPONSE 200 {"content-type":"application/json; charset=UTF-8","vary":"X-Origin, Referer, Origin,Accept-Encoding","date":"Thu, 07 May 2020 01:00:55 GMT","server":"ESF","cache-control":"private","x-xss-protection":"0","x-frame-options":"SAMEORIGIN","x-content-type-options":"nosniff","server-timing":"gfet4t7; dur=79","alt-svc":"h3-27=\":443\"; ma=2592000,h3-25=\":443\"; ma=2592000,h3-Q050=\":443\"; ma=2592000,h3-Q049=\":443\"; ma=2592000,h3-Q048=\":443\"; ma=2592000,h3-Q046=\":443\"; ma=2592000,h3-Q043=\":443\"; ma=2592000,quic=\":443\"; ma=2592000; v=\"46,43\"","accept-ranges":"none","transfer-encoding":"chunked"}
[debug] [2020-05-07T01:00:54.644Z] >>> HTTP REQUEST GET https://firebase.googleapis.com/v1beta1/projects/notetube-f3f9c  
 
[debug] [2020-05-07T01:00:54.878Z] <<< HTTP RESPONSE 200 {"content-type":"application/json; charset=UTF-8","vary":"X-Origin, Referer, Origin,Accept-Encoding","date":"Thu, 07 May 2020 01:00:55 GMT","server":"ESF","cache-control":"private","x-xss-protection":"0","x-frame-options":"SAMEORIGIN","x-content-type-options":"nosniff","alt-svc":"h3-27=\":443\"; ma=2592000,h3-25=\":443\"; ma=2592000,h3-Q050=\":443\"; ma=2592000,h3-Q049=\":443\"; ma=2592000,h3-Q048=\":443\"; ma=2592000,h3-Q046=\":443\"; ma=2592000,h3-Q043=\":443\"; ma=2592000,quic=\":443\"; ma=2592000; v=\"46,43\"","accept-ranges":"none","transfer-encoding":"chunked"}
[info] 
[info] === Serving from 'C:\Users\Aleksandra\Desktop\SP\NoteTube\server'...
[info] 
[warn] !  Your requested "node" version "8" doesn't match your global version "12"
[info] +  functions: functions emulator started at http://localhost:5000
[info] i  functions: Watching "C:\Users\Aleksandra\Desktop\SP\NoteTube\server\functions" for Cloud Functions...
[debug] [2020-05-07T01:00:56.930Z] [worker-pool] addWorker(~diagnostic~) 
[debug] [2020-05-07T01:00:56.930Z] [worker-pool] Adding worker with key ~diagnostic~, total=1 
[debug] [2020-05-07T01:00:56.931Z] [worker-pool] submitWork(triggerId=) 
[debug] [2020-05-07T01:00:56.933Z] [worker-~diagnostic~-c1078c63-4678-4859-8aac-31282747ea8f]: Assigning socketPath: \\?\pipe\C:\Users\Aleksandra\Desktop\SP\NoteTube\server\functions\1756 
[debug] [2020-05-07T01:00:56.934Z] [worker-~diagnostic~-c1078c63-4678-4859-8aac-31282747ea8f]: BUSY 
[debug] [2020-05-07T01:00:57.672Z] [runtime-status] [1756] Functions runtime initialized. {"cwd":"C:\\Users\\Aleksandra\\Desktop\\SP\\NoteTube\\server\\functions","node_version":"12.14.0"} 
[debug] [2020-05-07T01:00:57.675Z] [runtime-status] [1756] Disabled runtime features: undefined 
[debug] [2020-05-07T01:00:57.685Z] [runtime-status] [1756] Resolved module firebase-admin {"declared":true,"installed":true,"version":"8.10.0","resolution":"C:\\Users\\Aleksandra\\Desktop\\SP\\NoteTube\\server\\node_modules\\firebase-admin\\lib\\index.js"} 
[debug] [2020-05-07T01:00:57.700Z] [runtime-status] [1756] Resolved module firebase-functions {"declared":true,"installed":true,"version":"3.6.0","resolution":"C:\\Users\\Aleksandra\\Desktop\\SP\\NoteTube\\server\\node_modules\\firebase-functions\\lib\\index.js"} 
[warn] !  functions: Your GOOGLE_APPLICATION_CREDENTIALS environment variable points to C:\Users\Aleksandra\Desktop\ServiceAccountKey.json. Non-emulated services will access production using these credentials. Be careful!
[debug] [2020-05-07T01:00:57.716Z] [runtime-status] [1756] Outgoing network have been stubbed. [{"name":"http","status":"mocked"},{"name":"http","status":"mocked"},{"name":"https","status":"mocked"},{"name":"https","status":"mocked"},{"name":"net","status":"mocked"}] 
[debug] [2020-05-07T01:00:57.881Z] [runtime-status] [1756] Checked functions.config() {"config":{}} 
[debug] [2020-05-07T01:00:57.882Z] [runtime-status] [1756] Resolved module firebase-functions {"declared":true,"installed":true,"version":"3.6.0","resolution":"C:\\Users\\Aleksandra\\Desktop\\SP\\NoteTube\\server\\node_modules\\firebase-functions\\lib\\index.js"} 
[debug] [2020-05-07T01:00:57.885Z] [runtime-status] [1756] Resolved module firebase-admin {"declared":true,"installed":true,"version":"8.10.0","resolution":"C:\\Users\\Aleksandra\\Desktop\\SP\\NoteTube\\server\\node_modules\\firebase-admin\\lib\\index.js"} 
[debug] [2020-05-07T01:00:57.886Z] [runtime-status] [1756] Resolved module firebase-functions {"declared":true,"installed":true,"version":"3.6.0","resolution":"C:\\Users\\Aleksandra\\Desktop\\SP\\NoteTube\\server\\node_modules\\firebase-functions\\lib\\index.js"} 
[debug] [2020-05-07T01:00:57.887Z] [runtime-status] [1756] firebase-admin has been stubbed. {"adminResolution":{"declared":true,"installed":true,"version":"8.10.0","resolution":"C:\\Users\\Aleksandra\\Desktop\\SP\\NoteTube\\server\\node_modules\\firebase-admin\\lib\\index.js"}} 
[debug] [2020-05-07T01:00:57.985Z] [runtime-status] [1756] initializeApp(DEFAULT) {"databaseURL":"https://notetube-f3f9c.firebaseio.com","storageBucket":"notetube-f3f9c.appspot.com","projectId":"notetube-f3f9c"} 
[warn] !  functions: The Cloud Firestore emulator is not running, so calls to Firestore will affect production.
[warn] !  Error: Route.get() requires a callback function but got a [object Undefined]
    at Route.<computed> [as get] (C:\Users\Aleksandra\Desktop\SP\NoteTube\server\node_modules\express\lib\router\route.js:202:15)
    at Function.app.<computed> [as get] (C:\Users\Aleksandra\Desktop\SP\NoteTube\server\node_modules\express\lib\application.js:482:19)
    at Object.<anonymous> (C:\Users\Aleksandra\Desktop\SP\NoteTube\server\functions\index.js:10:5)
    at Module._compile (internal/modules/cjs/loader.js:959:30)
    at Object.Module._extensions..js (internal/modules/cjs/loader.js:995:10)
    at Module.load (internal/modules/cjs/loader.js:815:32)
    at Function.Module._load (internal/modules/cjs/loader.js:727:14)
    at Module.require (internal/modules/cjs/loader.js:852:19)
    at require (internal/modules/cjs/helpers.js:74:18)
    at C:\Users\Aleksandra\AppData\Roaming\npm\node_modules\firebase-tools\lib\emulator\functionsEmulatorRuntime.js:656:33
[warn] !  We were unable to load your functions code. (see above)
[debug] [2020-05-07T01:00:58.823Z] [worker-~diagnostic~-c1078c63-4678-4859-8aac-31282747ea8f]: exited 
[debug] [2020-05-07T01:00:58.824Z] [worker-~diagnostic~-c1078c63-4678-4859-8aac-31282747ea8f]: FINISHED 
[debug] [2020-05-07T01:03:00.345Z] File C:\Users\Aleksandra\Desktop\SP\NoteTube\server\functions\index.js changed, reloading triggers 
[debug] [2020-05-07T01:03:01.348Z] [worker-pool] Cleaned up workers for ~diagnostic~: 1 --> 0 
[debug] [2020-05-07T01:03:01.356Z] [worker-pool] addWorker(~diagnostic~) 
[debug] [2020-05-07T01:03:01.356Z] [worker-pool] Adding worker with key ~diagnostic~, total=1 
[debug] [2020-05-07T01:03:01.356Z] [worker-pool] submitWork(triggerId=) 
[debug] [2020-05-07T01:03:01.356Z] [worker-~diagnostic~-1fc599d3-f22a-4143-9b5a-7c756849e085]: Assigning socketPath: \\?\pipe\C:\Users\Aleksandra\Desktop\SP\NoteTube\server\functions\22692 
[debug] [2020-05-07T01:03:01.356Z] [worker-~diagnostic~-1fc599d3-f22a-4143-9b5a-7c756849e085]: BUSY 
[debug] [2020-05-07T01:03:02.637Z] [runtime-status] [22692] Functions runtime initialized. {"cwd":"C:\\Users\\Aleksandra\\Desktop\\SP\\NoteTube\\server\\functions","node_version":"12.14.0"} 
[debug] [2020-05-07T01:03:02.641Z] [runtime-status] [22692] Disabled runtime features: undefined 
[debug] [2020-05-07T01:03:02.649Z] [runtime-status] [22692] Resolved module firebase-admin {"declared":true,"installed":true,"version":"8.10.0","resolution":"C:\\Users\\Aleksandra\\Desktop\\SP\\NoteTube\\server\\node_modules\\firebase-admin\\lib\\index.js"} 
[debug] [2020-05-07T01:03:02.653Z] [runtime-status] [22692] Resolved module firebase-functions {"declared":true,"installed":true,"version":"3.6.0","resolution":"C:\\Users\\Aleksandra\\Desktop\\SP\\NoteTube\\server\\node_modules\\firebase-functions\\lib\\index.js"} 
[warn] !  functions: Your GOOGLE_APPLICATION_CREDENTIALS environment variable points to C:\Users\Aleksandra\Desktop\ServiceAccountKey.json. Non-emulated services will access production using these credentials. Be careful!
[debug] [2020-05-07T01:03:02.658Z] [runtime-status] [22692] Outgoing network have been stubbed. [{"name":"http","status":"mocked"},{"name":"http","status":"mocked"},{"name":"https","status":"mocked"},{"name":"https","status":"mocked"},{"name":"net","status":"mocked"}] 
[debug] [2020-05-07T01:03:02.762Z] [runtime-status] [22692] Checked functions.config() {"config":{}} 
[debug] [2020-05-07T01:03:02.764Z] [runtime-status] [22692] Resolved module firebase-functions {"declared":true,"installed":true,"version":"3.6.0","resolution":"C:\\Users\\Aleksandra\\Desktop\\SP\\NoteTube\\server\\node_modules\\firebase-functions\\lib\\index.js"} 
[debug] [2020-05-07T01:03:02.766Z] [runtime-status] [22692] Resolved module firebase-admin {"declared":true,"installed":true,"version":"8.10.0","resolution":"C:\\Users\\Aleksandra\\Desktop\\SP\\NoteTube\\server\\node_modules\\firebase-admin\\lib\\index.js"} 
[debug] [2020-05-07T01:03:02.768Z] [runtime-status] [22692] Resolved module firebase-functions {"declared":true,"installed":true,"version":"3.6.0","resolution":"C:\\Users\\Aleksandra\\Desktop\\SP\\NoteTube\\server\\node_modules\\firebase-functions\\lib\\index.js"} 
[debug] [2020-05-07T01:03:02.768Z] [runtime-status] [22692] firebase-admin has been stubbed. {"adminResolution":{"declared":true,"installed":true,"version":"8.10.0","resolution":"C:\\Users\\Aleksandra\\Desktop\\SP\\NoteTube\\server\\node_modules\\firebase-admin\\lib\\index.js"}} 
[debug] [2020-05-07T01:03:02.861Z] [runtime-status] [22692] initializeApp(DEFAULT) {"databaseURL":"https://notetube-f3f9c.firebaseio.com","storageBucket":"notetube-f3f9c.appspot.com","projectId":"notetube-f3f9c"} 
[warn] !  functions: The Cloud Firestore emulator is not running, so calls to Firestore will affect production.
[info] +  functions[api]: http function initialized (http://localhost:5000/notetube-f3f9c/us-central1/api).
[debug] [2020-05-07T01:03:04.183Z] [worker-~diagnostic~-1fc599d3-f22a-4143-9b5a-7c756849e085]: IDLE 
[debug] [2020-05-07T01:03:25.924Z] [work-queue] {"queueLength":1,"workRunningCount":0}
[debug] [2020-05-07T01:03:25.925Z] [work-queue] {"queueLength":0,"workRunningCount":1}
[debug] [2020-05-07T01:03:25.925Z] Accepted request POST /notetube-f3f9c/us-central1/api/login --> api
[debug] [2020-05-07T01:03:25.932Z] [worker-pool] addWorker(api) 
[debug] [2020-05-07T01:03:25.932Z] [worker-pool] Adding worker with key api, total=1 
[debug] [2020-05-07T01:03:25.932Z] [worker-pool] submitWork(triggerId=api) 
[debug] [2020-05-07T01:03:25.932Z] [worker-api-29f0e2a1-503c-4d42-a309-b92942090fc1]: Assigning socketPath: \\?\pipe\C:\Users\Aleksandra\Desktop\SP\NoteTube\server\functions\12000 
[debug] [2020-05-07T01:03:25.932Z] [worker-api-29f0e2a1-503c-4d42-a309-b92942090fc1]: BUSY 
[debug] [2020-05-07T01:03:26.684Z] [runtime-status] [12000] Functions runtime initialized. {"cwd":"C:\\Users\\Aleksandra\\Desktop\\SP\\NoteTube\\server\\functions","node_version":"12.14.0"} 
[debug] [2020-05-07T01:03:26.688Z] [runtime-status] [12000] Disabled runtime features: undefined 
[debug] [2020-05-07T01:03:26.696Z] [runtime-status] [12000] Resolved module firebase-admin {"declared":true,"installed":true,"version":"8.10.0","resolution":"C:\\Users\\Aleksandra\\Desktop\\SP\\NoteTube\\server\\node_modules\\firebase-admin\\lib\\index.js"} 
[debug] [2020-05-07T01:03:26.699Z] [runtime-status] [12000] Resolved module firebase-functions {"declared":true,"installed":true,"version":"3.6.0","resolution":"C:\\Users\\Aleksandra\\Desktop\\SP\\NoteTube\\server\\node_modules\\firebase-functions\\lib\\index.js"} 
[warn] !  functions: Your GOOGLE_APPLICATION_CREDENTIALS environment variable points to C:\Users\Aleksandra\Desktop\ServiceAccountKey.json. Non-emulated services will access production using these credentials. Be careful!
[debug] [2020-05-07T01:03:26.701Z] [runtime-status] [12000] Outgoing network have been stubbed. [{"name":"http","status":"mocked"},{"name":"http","status":"mocked"},{"name":"https","status":"mocked"},{"name":"https","status":"mocked"},{"name":"net","status":"mocked"}] 
[debug] [2020-05-07T01:03:26.879Z] [runtime-status] [12000] Checked functions.config() {"config":{}} 
[debug] [2020-05-07T01:03:26.881Z] [runtime-status] [12000] Resolved module firebase-functions {"declared":true,"installed":true,"version":"3.6.0","resolution":"C:\\Users\\Aleksandra\\Desktop\\SP\\NoteTube\\server\\node_modules\\firebase-functions\\lib\\index.js"} 
[debug] [2020-05-07T01:03:26.887Z] [runtime-status] [12000] Resolved module firebase-admin {"declared":true,"installed":true,"version":"8.10.0","resolution":"C:\\Users\\Aleksandra\\Desktop\\SP\\NoteTube\\server\\node_modules\\firebase-admin\\lib\\index.js"} 
[debug] [2020-05-07T01:03:26.888Z] [runtime-status] [12000] Resolved module firebase-functions {"declared":true,"installed":true,"version":"3.6.0","resolution":"C:\\Users\\Aleksandra\\Desktop\\SP\\NoteTube\\server\\node_modules\\firebase-functions\\lib\\index.js"} 
[debug] [2020-05-07T01:03:26.889Z] [runtime-status] [12000] firebase-admin has been stubbed. {"adminResolution":{"declared":true,"installed":true,"version":"8.10.0","resolution":"C:\\Users\\Aleksandra\\Desktop\\SP\\NoteTube\\server\\node_modules\\firebase-admin\\lib\\index.js"}} 
[debug] [2020-05-07T01:03:27.161Z] [runtime-status] [12000] initializeApp(DEFAULT) {"databaseURL":"https://notetube-f3f9c.firebaseio.com","storageBucket":"notetube-f3f9c.appspot.com","projectId":"notetube-f3f9c"} 
[warn] !  functions: The Cloud Firestore emulator is not running, so calls to Firestore will affect production.
[debug] [2020-05-07T01:03:28.185Z] [runtime-status] [12000] Trigger "api" has been found, beginning invocation! 
[info] i  functions: Beginning execution of "api"
[debug] [2020-05-07T01:03:28.187Z] [runtime-status] [12000] triggerDefinition {"httpsTrigger":{},"name":"api","entryPoint":"api"} 
[debug] [2020-05-07T01:03:28.187Z] [runtime-status] [12000] Running api in mode HTTPS 
[debug] [2020-05-07T01:03:28.193Z] [runtime-status] [12000] Attempting to listen to socketPath: \\?\pipe\C:\Users\Aleksandra\Desktop\SP\NoteTube\server\functions\12000 
[debug] [2020-05-07T01:03:28.203Z] [functions] Runtime ready! Sending request! 
[debug] [2020-05-07T01:03:28.240Z] [runtime-status] [12000] Ephemeral server handling POST request 
[debug] [2020-05-07T01:03:28.247Z] [runtime-status] [12000] Ephemeral server survived. 
[warn] !  Google API requested!
   - URL: "https://www.googleapis.com/oauth2/v4/token"
   - Be careful, this may be a production service.
[info] i  functions: Finished "api" in ~1s
[debug] [2020-05-07T01:03:28.916Z] [worker-api-29f0e2a1-503c-4d42-a309-b92942090fc1]: IDLE 
[debug] [2020-05-07T01:03:28.917Z] [work-queue] {"queueLength":0,"workRunningCount":0}
